\o Program:		@(#)$CDS: libManager version 6.1.7 - CAT35 10/30/2018 21:08 (sjfnl050) $
\o Sub version:		sub-version  s231 
\o Arguments:		-unmapped -mpssession virtuoso5207 -mpshost eeapps02.seas.ucla.edu 
\o Working Directory:	eeapps02.seas.ucla.edu:/w/home.21/cs/ugrad/davidt/ee115c/ee115c
\o 64-bit offsets
\o Qt version: 		4.8.5
\o changeWorkingDir("/w/home.21/cs/ugrad/davidt/ee115c/ee115c") unnecessary.
\o ddSetForcedLib("") unnecessary.
\o Log file is "/w/home.21/cs/ugrad/davidt/ee115c/ee115c/libManager.log".
\o Opening libManager window.
\a nrSetWindowVisibility(cdsLibManager "show")
\o MPS service: map window
\a nrSetCurrentWindow(cdsLibManager)
\o Library Manager customization server connected.
\a nrResizeWindow(cdsLibManager list(0 1 602 491))
\a nrSetCurrentWindow(cdsLibManager)
\a nrResizeWindow(cdsLibManager list(0 1 853 633))
\a nrResizeWindow(cdsLibManager list(0 1 975 635))
\a nrResizeWindow(cdsLibManager list(121 71 975 635))
\a nrResizeWindow(cdsLibManager list(88 89 975 635))
\a nrSetCurrentWindow(cdsLibManager)
\a nrSetCurrentWindow(cdsLibManager)
\a cdsLibManager->libListBox->value = "ahdlLib"
\a cdsLibManager->libLineEdit->value = "ahdlLib"
\a cdsLibManager->libListBox->value = "analogLib"
\a cdsLibManager->libLineEdit->value = "analogLib"
\a cdsLibManager->libListBox->value = "basic"
\a cdsLibManager->libLineEdit->value = "basic"
\a cdsLibManager->libListBox->value = "cdsDefTechLib"
\a cdsLibManager->libLineEdit->value = "cdsDefTechLib"
\a cdsLibManager->libListBox->value = "functional"
\a cdsLibManager->libLineEdit->value = "functional"
\a cdsLibManager->libListBox->value = "rfExamples"
\a cdsLibManager->libLineEdit->value = "rfExamples"
\a cdsLibManager->libListBox->value = "rfLib"
\a cdsLibManager->libLineEdit->value = "rfLib"
\a cdsLibManager->libListBox->value = "ahdlLib"
\a cdsLibManager->libLineEdit->value = "ahdlLib"
\a nrSetCurrentWindow(cdsLibManager)
