\o Program:		@(#)$CDS: libManager version 6.1.7 - CAT35 10/30/2018 21:08 (sjfnl050) $
\o Sub version:		sub-version  s231 
\o Arguments:		-unmapped -mpssession virtuoso30619 -mpshost eeapps03.seas.ucla.edu 
\o Working Directory:	eeapps03.seas.ucla.edu:/w/home.15/ee/ugrad/vedant/ee115c/115C-Absolute-Value-Detector
\o 64-bit offsets
\o Qt version: 		4.8.5
\o changeWorkingDir("/w/home.15/ee/ugrad/vedant/ee115c/115C-Absolute-Value-Detector") unnecessary.
\o ddSetForcedLib("") unnecessary.
\o Log file is "/w/home.15/ee/ugrad/vedant/ee115c/115C-Absolute-Value-Detector/libManager.log".
\o Opening libManager window.
\a nrSetWindowVisibility(cdsLibManager "show")
\o MPS service: map window
\a nrSetCurrentWindow(cdsLibManager)
\o Library Manager customization server connected.
\a nrResizeWindow(cdsLibManager list(1064 106 602 485))
\a _lmgrCloseIconify("cdsLibManager" 1)
\a nrResizeWindow(cdsLibManager list(0 0 602 485))
\o MPS service: shutdown
\o libManager is exiting.
\a nrSetWindowVisibility(cdsLibManager "hide")
\a exit(0)
